#
# There is insufficient memory for the Java Runtime Environment to continue.
# Native memory allocation (malloc) failed to allocate 1048576 bytes for AllocateHeap
# Possible reasons:
#   The system is out of physical RAM or swap space
#   The process is running with CompressedOops enabled, and the Java Heap may be blocking the growth of the native heap
# Possible solutions:
#   Reduce memory load on the system
#   Increase physical memory or swap space
#   Check if swap backing store is full
#   Decrease Java heap size (-Xmx/-Xms)
#   Decrease number of Java threads
#   Decrease Java thread stack sizes (-Xss)
#   Set larger code cache with -XX:ReservedCodeCacheSize=
#   JVM is running with Unscaled Compressed Oops mode in which the Java heap is
#     placed in the first 4GB address space. The Java Heap base address is the
#     maximum limit for the native heap growth. Please use -XX:HeapBaseMinAddress
#     to set the Java Heap base and to place the Java Heap above 4GB virtual address.
# This output file may be truncated or incomplete.
#
#  Out of Memory Error (allocation.cpp:44), pid=18620, tid=27156
#
# JRE version:  (20.0.2+9) (build )
# Java VM: Java HotSpot(TM) 64-Bit Server VM (20.0.2+9-78, mixed mode, sharing, tiered, compressed oops, compressed class ptrs, g1 gc, windows-amd64)
# No core dump will be written. Minidumps are not enabled by default on client versions of Windows
#

---------------  S U M M A R Y ------------

Command Line: anhkhoapham.rpnjavaconsole.RPNJavaConsole

Host: Intel(R) Core(TM) i5-9300H CPU @ 2.40GHz, 8 cores, 7G,  Windows 10 , 64 bit Build 19041 (10.0.19041.3570)
Time: Tue Nov  7 14:31:54 2023 SE Asia Standard Time elapsed time: 0.074324 seconds (0d 0h 0m 0s)

---------------  T H R E A D  ---------------

Current thread (0x000001eab6fde480):  JavaThread "Unknown thread" [_thread_in_vm, id=27156, stack(0x000000d6be900000,0x000000d6bea00000)]

Stack: [0x000000d6be900000,0x000000d6bea00000]
Native frames: (J=compiled Java code, j=interpreted, Vv=VM code, C=native code)
V  [jvm.dll+0x6bc25a]
V  [jvm.dll+0x84971a]
V  [jvm.dll+0x84b315]
V  [jvm.dll+0x84ba13]
V  [jvm.dll+0x280e4f]
V  [jvm.dll+0xbce65]
V  [jvm.dll+0x3294c5]
V  [jvm.dll+0x8123aa]
V  [jvm.dll+0x3c1261]
V  [jvm.dll+0x7fe103]
V  [jvm.dll+0x44ccaf]
V  [jvm.dll+0x44e621]
C  [jli.dll+0x5287]
C  [ucrtbase.dll+0x21bb2]
C  [KERNEL32.DLL+0x17344]
C  [ntdll.dll+0x526b1]


---------------  P R O C E S S  ---------------

Threads class SMR info:
_java_thread_list=0x00007ff98163b118, length=0, elements={
}

Java Threads: ( => current thread )

Other Threads:

=>0x000001eab6fde480 (exited) JavaThread "Unknown thread" [_thread_in_vm, id=27156, stack(0x000000d6be900000,0x000000d6bea00000)]

Threads with active compile tasks:

VM state: not at safepoint (not fully initialized)

VM Mutex/Monitor currently owned by a thread: None

Heap address: 0x0000000000000000, size: 0 MB, Compressed Oops mode: 32-bit

CDS archive(s) mapped at: [0x0000000000000000-0x0000000000000000-0x0000000000000000), size 0, SharedBaseAddress: 0x0000000800000000, ArchiveRelocationMode: 1.
Narrow klass base: 0x0000000000000000, Narrow klass shift: 0, Narrow klass range: 0x0

GC Precious Log:
 CardTable entry size: 512
 Card Set container configuration: InlinePtr #cards 5 size 8 Array Of Cards #cards 12 size 40 Howl #buckets 4 coarsen threshold 1843 Howl Bitmap #cards 512 size 80 coarsen threshold 460 Card regions per heap region 1 cards per card region 2048

GC Heap History (0 events):
No events

Dll operation events (1 events):
Event: 0.052 Loaded shared library C:\Program Files\Java\jdk-20\bin\java.dll

Deoptimization events (0 events):
No events

Classes loaded (0 events):
No events

Classes unloaded (0 events):
No events

Classes redefined (0 events):
No events

Internal exceptions (0 events):
No events

VM Operations (0 events):
No events

Events (0 events):
No events


Dynamic libraries:
0x00007ff6089c0000 - 0x00007ff6089d0000 	C:\Program Files\Java\jdk-20\bin\java.exe
0x00007ffa2f4f0000 - 0x00007ffa2f6e7000 	C:\WINDOWS\SYSTEM32\ntdll.dll
0x00007ffa2f3f0000 - 0x00007ffa2f4ad000 	C:\WINDOWS\System32\KERNEL32.DLL
0x00007ffa2cd10000 - 0x00007ffa2d006000 	C:\WINDOWS\System32\KERNELBASE.dll
0x00007ffa2d240000 - 0x00007ffa2d340000 	C:\WINDOWS\System32\ucrtbase.dll
0x00007ffa26630000 - 0x00007ffa26649000 	C:\Program Files\Java\jdk-20\bin\jli.dll
0x00007ffa27980000 - 0x00007ffa2799b000 	C:\Program Files\Java\jdk-20\bin\VCRUNTIME140.dll
0x00007ffa2d800000 - 0x00007ffa2d8ae000 	C:\WINDOWS\System32\ADVAPI32.dll
0x00007ffa2f340000 - 0x00007ffa2f3de000 	C:\WINDOWS\System32\msvcrt.dll
0x00007ffa2e140000 - 0x00007ffa2e1dc000 	C:\WINDOWS\System32\sechost.dll
0x00007ffa2e760000 - 0x00007ffa2e886000 	C:\WINDOWS\System32\RPCRT4.dll
0x00007ffa2d660000 - 0x00007ffa2d7fe000 	C:\WINDOWS\System32\USER32.dll
0x00007ffa2d340000 - 0x00007ffa2d362000 	C:\WINDOWS\System32\win32u.dll
0x00007ffa12eb0000 - 0x00007ffa1314a000 	C:\WINDOWS\WinSxS\amd64_microsoft.windows.common-controls_6595b64144ccf1df_6.0.19041.3570_none_60bb2a3971f3e41a\COMCTL32.dll
0x00007ffa2e540000 - 0x00007ffa2e56c000 	C:\WINDOWS\System32\GDI32.dll
0x00007ffa2d010000 - 0x00007ffa2d12a000 	C:\WINDOWS\System32\gdi32full.dll
0x00007ffa2d1a0000 - 0x00007ffa2d23d000 	C:\WINDOWS\System32\msvcp_win.dll
0x00007ffa24fd0000 - 0x00007ffa24fda000 	C:\WINDOWS\SYSTEM32\VERSION.dll
0x00007ffa2e290000 - 0x00007ffa2e2c0000 	C:\WINDOWS\System32\IMM32.DLL
0x00007ffa279c0000 - 0x00007ffa279cc000 	C:\Program Files\Java\jdk-20\bin\vcruntime140_1.dll
0x00007ffa22a90000 - 0x00007ffa22b1e000 	C:\Program Files\Java\jdk-20\bin\msvcp140.dll
0x00007ff980ae0000 - 0x00007ff981778000 	C:\Program Files\Java\jdk-20\bin\server\jvm.dll
0x00007ffa16890000 - 0x00007ffa16899000 	C:\WINDOWS\SYSTEM32\WSOCK32.dll
0x00007ffa159e0000 - 0x00007ffa15a07000 	C:\WINDOWS\SYSTEM32\WINMM.dll
0x00007ffa2e2c0000 - 0x00007ffa2e32b000 	C:\WINDOWS\System32\ws2_32.DLL
0x00007ffa2b3c0000 - 0x00007ffa2b3d2000 	C:\WINDOWS\SYSTEM32\kernel.appcore.dll
0x00007ffa27970000 - 0x00007ffa2797a000 	C:\Program Files\Java\jdk-20\bin\jimage.dll
0x00007ffa2a7e0000 - 0x00007ffa2a9c4000 	C:\WINDOWS\SYSTEM32\DBGHELP.DLL
0x00007ffa11960000 - 0x00007ffa11994000 	C:\WINDOWS\SYSTEM32\dbgcore.DLL
0x00007ffa2cbd0000 - 0x00007ffa2cc52000 	C:\WINDOWS\System32\bcryptPrimitives.dll
0x00007ffa241e0000 - 0x00007ffa24206000 	C:\Program Files\Java\jdk-20\bin\java.dll

dbghelp: loaded successfully - version: 4.0.5 - missing functions: none
symbol engine: initialized successfully - sym options: 0x614 - pdb path: .;C:\Program Files\Java\jdk-20\bin;C:\WINDOWS\SYSTEM32;C:\WINDOWS\WinSxS\amd64_microsoft.windows.common-controls_6595b64144ccf1df_6.0.19041.3570_none_60bb2a3971f3e41a;C:\Program Files\Java\jdk-20\bin\server

VM Arguments:
java_command: anhkhoapham.rpnjavaconsole.RPNJavaConsole
java_class_path (initial): D:\Projects\Java\Lib\RPNJavaConsole\target\classes;C:\Users\Tuanpa\.m2\repository\com\google\re2j\re2j\1.6\re2j-1.6.jar;C:\Users\Tuanpa\.m2\repository\AnhKhoaPham\LambdaExpressionInterpreter\0.1-SNAPSHOT\LambdaExpressionInterpreter-0.1-SNAPSHOT.jar;C:\Users\Tuanpa\.m2\repository\org\apache\commons\commons-lang3\3.13.0\commons-lang3-3.13.0.jar;C:\Users\Tuanpa\.m2\repository\AnhKhoaPham\LambdaCalculus\0.1-SNAPSHOT\LambdaCalculus-0.1-SNAPSHOT.jar;C:\Users\Tuanpa\.m2\repository\AnhKhoaPham\TreeAndIterationLibrary\0.1-SNAPSHOT\TreeAndIterationLibrary-0.1-SNAPSHOT.jar
Launcher Type: SUN_STANDARD

[Global flags]
     intx CICompilerCount                          = 4                                         {product} {ergonomic}
     uint ConcGCThreads                            = 2                                         {product} {ergonomic}
     uint G1ConcRefinementThreads                  = 8                                         {product} {ergonomic}
   size_t G1HeapRegionSize                         = 1048576                                   {product} {ergonomic}
    uintx GCDrainStackTargetSize                   = 64                                        {product} {ergonomic}
   size_t InitialHeapSize                          = 134217728                                 {product} {ergonomic}
   size_t MarkStackSize                            = 4194304                                   {product} {ergonomic}
   size_t MaxHeapSize                              = 2118123520                                {product} {ergonomic}
   size_t MinHeapDeltaBytes                        = 1048576                                   {product} {ergonomic}
   size_t MinHeapSize                              = 8388608                                   {product} {ergonomic}
    uintx NonNMethodCodeHeapSize                   = 5839372                                {pd product} {ergonomic}
    uintx NonProfiledCodeHeapSize                  = 122909434                              {pd product} {ergonomic}
    uintx ProfiledCodeHeapSize                     = 122909434                              {pd product} {ergonomic}
    uintx ReservedCodeCacheSize                    = 251658240                              {pd product} {ergonomic}
     bool SegmentedCodeCache                       = true                                      {product} {ergonomic}
   size_t SoftMaxHeapSize                          = 2118123520                             {manageable} {ergonomic}
     bool UseCompressedClassPointers               = true                           {product lp64_product} {ergonomic}
     bool UseCompressedOops                        = true                           {product lp64_product} {ergonomic}
     bool UseG1GC                                  = true                                      {product} {ergonomic}
     bool UseLargePagesIndividualAllocation        = false                                  {pd product} {ergonomic}

Logging:
Log output configuration:
 #0: stdout all=warning uptime,level,tags foldmultilines=false
 #1: stderr all=off uptime,level,tags foldmultilines=false

Environment Variables:
JAVA_HOME=C:\Program Files\Java\jdk-20
PATH=C:\Program Files\Common Files\Oracle\Java\javapath;C:\Program Files\Microsoft\jdk-11.0.16.101-hotspot\bin;C:\Windows\system32;C:\Windows;C:\Windows\System32\Wbem;C:\Windows\System32\WindowsPowerShell\v1.0\;C:\Windows\System32\OpenSSH\;C:\Program Files (x86)\NVIDIA Corporation\PhysX\Common;C:\Program Files\NVIDIA Corporation\NVIDIA NvDLISR;C:\Program Files (x86)\Common Files\Acronis\SnapAPI\;C:\WINDOWS\system32;C:\WINDOWS;C:\WINDOWS\System32\Wbem;C:\WINDOWS\System32\WindowsPowerShell\v1.0\;C:\WINDOWS\System32\OpenSSH\;C:\Program Files\Cloudflare\Cloudflare WARP\;C:\Program Files\Microsoft SQL Server\150\Tools\Binn\;C:\Program Files\Microsoft SQL Server\Client SDK\ODBC\170\Tools\Binn\;C:\Program Files\dotnet\;C:\Users\Tuanpa\AppData\Local\Microsoft\WindowsApps;C:\Users\Tuanpa\.dotnet\tools;C:\Users\Tuanpa\AppData\Local\Programs\Microsoft VS Code\bin;D:\Miniconda\Scripts;D:\Miniconda;C:\Users\Tuanpa\AppData\Local\GitHubDesktop\bin
USERNAME=Khoapa
OS=Windows_NT
PROCESSOR_IDENTIFIER=Intel64 Family 6 Model 158 Stepping 10, GenuineIntel
TMP=C:\Users\Tuanpa\AppData\Local\Temp
TEMP=C:\Users\Tuanpa\AppData\Local\Temp




---------------  S Y S T E M  ---------------

OS:
 Windows 10 , 64 bit Build 19041 (10.0.19041.3570)
OS uptime: 6 days 1:48 hours
Hyper-V role detected

CPU: total 8 (initial active 8) (4 cores per cpu, 2 threads per core) family 6 model 158 stepping 10 microcode 0xea, cx8, cmov, fxsr, ht, mmx, 3dnowpref, sse, sse2, sse3, ssse3, sse4.1, sse4.2, popcnt, lzcnt, tsc, tscinvbit, avx, avx2, aes, erms, clmul, bmi1, bmi2, adx, fma, vzeroupper, clflush, clflushopt, hv, rdtscp, f16c

Memory: 4k page, system-wide physical 8072M (99M free)
TotalPageFile size 32648M (AvailPageFile size 5M)
current process WorkingSet (physical memory assigned to process): 9M, peak: 9M
current process commit charge ("private bytes"): 14M, peak: 15M

vm_info: Java HotSpot(TM) 64-Bit Server VM (20.0.2+9-78) for windows-amd64 JRE (20.0.2+9-78), built on 2023-06-14T10:08:48Z by "mach5one" with MS VC++ 17.1 (VS2022)

END.
